Jun 20, 2013 1:28:12 PM org.apache.catalina.core.AprLifecycleListener init
INFO: The APR based Apache Tomcat Native library which allows optimal performance in production environments was not found on the java.library.path: C:\Program Files\Java\jdk1.6.0_24\bin;.;C:\Windows\Sun\Java\bin;C:\Windows\system32;C:\Windows;C:\Program Files\PC Connectivity Solution\;C:\Program Files\ImageMagick-6.7.0-Q16;C:\Windows\system32;C:\Windows;C:\Windows\System32\Wbem;C:\Windows\System32\WindowsPowerShell\v1.0\C:\Program Files\Java\jdk1.6.0_24\bin;D:\INSTALLATION\grails-2.2.1\bin;C:\Program Files\TortoiseSVN\bin;C:\Program Files\Java\jdk1.6.0_24/bin;D:\INSTALLATION\grails-2.2.1/bin;D:\INSTALLATION\xampp\php ;C:\Program Files\MySQL\MySQL Server 5.1\bin;D:\INSTALLATION\xampp\php;C:\Program Files\Lenovo\Bluetooth Software;C:\Ruby193\bin;C:\apache-ant-1.8.2\bin;C:\Program Files\QuickTime\QTSystem\;C:\rdoc\bin;C:\Program Files\ImageMagick-6.7.0-Q16;E:\work\dev\GAMING\sonar-3.1.1\bin\windows-x86-32;D:\INSTALLATION\apache-maven-3.0.4\bin;C:\Program Files\Heroku\bin;C:\Program Files\ruby-1.9.2\bin;C:\Program Files\git\bin;C:\Program Files\git\cmd;C:\Program Files\nodejs\;C:\Program Files\PostgreSQL\9.0\bin;C:\apache-ant-1.8.2\bin;D:\INSTALLATION\groovy-1.8.9\bin;D:\INSTALLATION\mongodb-win32-i386-2.4.4\bin;C:\Ruby193\bin;C:\Users\RAINA\AppData\Roaming\npm\;C:\apache-ant-1.8.2\bin;
Jun 20, 2013 1:28:13 PM org.apache.coyote.http11.Http11Protocol init
INFO: Initializing Coyote HTTP/1.1 on http-8084
Jun 20, 2013 1:28:13 PM org.apache.catalina.startup.Catalina load
INFO: Initialization processed in 502 ms
Jun 20, 2013 1:28:13 PM org.apache.catalina.core.StandardService start
INFO: Starting service Catalina
Jun 20, 2013 1:28:13 PM org.apache.catalina.core.StandardEngine start
INFO: Starting Servlet Engine: Apache Tomcat/6.0.37
Jun 20, 2013 1:28:13 PM org.apache.catalina.startup.HostConfig deployWAR
INFO: Deploying web application archive ROOT.war
Jun 20, 2013 1:28:28 PM org.apache.catalina.core.StandardContext start
SEVERE: Error listenerStart
Jun 20, 2013 1:28:28 PM org.apache.catalina.core.StandardContext start
SEVERE: Context [] startup failed due to previous errors
Jun 20, 2013 1:28:28 PM org.apache.coyote.http11.Http11Protocol start
INFO: Starting Coyote HTTP/1.1 on http-8084
Jun 20, 2013 1:28:28 PM org.apache.jk.common.ChannelSocket init
INFO: JK: ajp13 listening on /0.0.0.0:8009
Jun 20, 2013 1:28:28 PM org.apache.jk.server.JkMain start
INFO: Jk running ID=0 time=0/79  config=null
Jun 20, 2013 1:28:28 PM org.apache.catalina.startup.Catalina start
INFO: Server startup in 15762 ms
